{
  "timestamp": "2026-05-13T20:28:06.384Z",
  "input": {
    "name": "Black Box Test",
    "description": "Submit your information below",
    "submitButtonText": "Send Request",
    "sourceTag": "WEBSITE",
    "fields": [
      {
        "id": "1",
        "type": "text",
        "label": "Name",
        "placeholder": "Enter your name",
        "required": true
      },
      {
        "id": "2",
        "type": "phone",
        "label": "Phone",
        "placeholder": "Enter your phone number",
        "required": true
      }
    ]
  },
  "error": "\nInvalid `__TURBOPACK__imported__module__$5b$project$5d2f$src$2f$lib$2f$prisma$2e$ts__$5b$app$2d$route$5d$__$28$ecmascript$29$__[\"prisma\"].captureForm.create()` invocation in\nF:\\SimpleCRM\\simplecrm\\.next\\dev\\server\\chunks\\[root-of-the-server]__0kh9_mi._.js:325:172\n\n  322 }\n  323 console.log(\"[DEBUG] Final slug for creation:\", slug);\n  324 // 3. Explicit creation to avoid spread/type issues\n→ 325 const newForm = await __TURBOPACK__imported__module__$5b$project$5d2f$src$2f$lib$2f$prisma$2e$ts__$5b$app$2d$route$5d$__$28$ecmascript$29$__[\"prisma\"].captureForm.create({\n        data: {\n          name: \"Black Box Test\",\n          description: \"Submit your information below\",\n          submitButtonText: \"Send Request\",\n          ~~~~~~~~~~~~~~~~\n          slug: \"black-box-test\",\n          sourceTag: \"WEBSITE\",\n          fields: [\n            {\n              id: \"1\",\n              type: \"text\",\n              label: \"Name\",\n              placeholder: \"Enter your name\",\n              required: true\n            },\n            {\n              id: \"2\",\n              type: \"phone\",\n              label: \"Phone\",\n              placeholder: \"Enter your phone number\",\n              required: true\n            }\n          ],\n          isActive: true,\n      ?   id?: String,\n      ?   createdAt?: DateTime,\n      ?   updatedAt?: DateTime,\n      ?   leadSources?: LeadSourceCreateNestedManyWithoutFormInput\n        }\n      })\n\nUnknown argument `submitButtonText`. Available options are marked with ?.",
  "stack": "PrismaClientValidationError: \nInvalid `__TURBOPACK__imported__module__$5b$project$5d2f$src$2f$lib$2f$prisma$2e$ts__$5b$app$2d$route$5d$__$28$ecmascript$29$__[\"prisma\"].captureForm.create()` invocation in\nF:\\SimpleCRM\\simplecrm\\.next\\dev\\server\\chunks\\[root-of-the-server]__0kh9_mi._.js:325:172\n\n  322 }\n  323 console.log(\"[DEBUG] Final slug for creation:\", slug);\n  324 // 3. Explicit creation to avoid spread/type issues\n→ 325 const newForm = await __TURBOPACK__imported__module__$5b$project$5d2f$src$2f$lib$2f$prisma$2e$ts__$5b$app$2d$route$5d$__$28$ecmascript$29$__[\"prisma\"].captureForm.create({\n        data: {\n          name: \"Black Box Test\",\n          description: \"Submit your information below\",\n          submitButtonText: \"Send Request\",\n          ~~~~~~~~~~~~~~~~\n          slug: \"black-box-test\",\n          sourceTag: \"WEBSITE\",\n          fields: [\n            {\n              id: \"1\",\n              type: \"text\",\n              label: \"Name\",\n              placeholder: \"Enter your name\",\n              required: true\n            },\n            {\n              id: \"2\",\n              type: \"phone\",\n              label: \"Phone\",\n              placeholder: \"Enter your phone number\",\n              required: true\n            }\n          ],\n          isActive: true,\n      ?   id?: String,\n      ?   createdAt?: DateTime,\n      ?   updatedAt?: DateTime,\n      ?   leadSources?: LeadSourceCreateNestedManyWithoutFormInput\n        }\n      })\n\nUnknown argument `submitButtonText`. Available options are marked with ?.\n    at ar (F:\\SimpleCRM\\simplecrm\\node_modules\\@prisma\\client\\runtime\\client.js:10:1374)\n    at zr.handleRequestError (F:\\SimpleCRM\\simplecrm\\node_modules\\@prisma\\client\\runtime\\client.js:65:7929)\n    at zr.handleAndLogRequestError (F:\\SimpleCRM\\simplecrm\\node_modules\\@prisma\\client\\runtime\\client.js:65:7581)\n    at zr.request (F:\\SimpleCRM\\simplecrm\\node_modules\\@prisma\\client\\runtime\\client.js:65:7288)\n    at process.processTicksAndRejections (node:internal/process/task_queues:103:5)\n    at async a (F:\\SimpleCRM\\simplecrm\\node_modules\\@prisma\\client\\runtime\\client.js:75:6862)\n    at async createForm (F:\\SimpleCRM\\simplecrm\\.next\\dev\\server\\chunks\\[root-of-the-server]__0kh9_mi._.js:325:25)\n    at async POST (F:\\SimpleCRM\\simplecrm\\.next\\dev\\server\\chunks\\[root-of-the-server]__0kh9_mi._.js:511:22)\n    at async AppRouteRouteModule.do (F:\\SimpleCRM\\simplecrm\\node_modules\\next\\dist\\compiled\\next-server\\app-route-turbo.runtime.dev.js:5:40115)\n    at async AppRouteRouteModule.handle (F:\\SimpleCRM\\simplecrm\\node_modules\\next\\dist\\compiled\\next-server\\app-route-turbo.runtime.dev.js:5:47395)\n    at async responseGenerator (F:\\SimpleCRM\\simplecrm\\.next\\dev\\server\\chunks\\node_modules_next_0vqk5n5._.js:17727:38)\n    at async AppRouteRouteModule.handleResponse (F:\\SimpleCRM\\simplecrm\\node_modules\\next\\dist\\compiled\\next-server\\app-route-turbo.runtime.dev.js:1:228552)\n    at async handleResponse (F:\\SimpleCRM\\simplecrm\\.next\\dev\\server\\chunks\\node_modules_next_0vqk5n5._.js:17790:32)\n    at async Module.handler (F:\\SimpleCRM\\simplecrm\\.next\\dev\\server\\chunks\\node_modules_next_0vqk5n5._.js:17844:13)\n    at async DevServer.renderToResponseWithComponentsImpl (F:\\SimpleCRM\\simplecrm\\node_modules\\next\\dist\\server\\base-server.js:1462:9)\n    at async DevServer.renderPageComponent (F:\\SimpleCRM\\simplecrm\\node_modules\\next\\dist\\server\\base-server.js:1514:24)\n    at async DevServer.renderToResponseImpl (F:\\SimpleCRM\\simplecrm\\node_modules\\next\\dist\\server\\base-server.js:1564:32)\n    at async DevServer.pipeImpl (F:\\SimpleCRM\\simplecrm\\node_modules\\next\\dist\\server\\base-server.js:1044:25)\n    at async NextNodeServer.handleCatchallRenderRequest (F:\\SimpleCRM\\simplecrm\\node_modules\\next\\dist\\server\\next-server.js:338:17)\n    at async DevServer.handleRequestImpl (F:\\SimpleCRM\\simplecrm\\node_modules\\next\\dist\\server\\base-server.js:935:17)\n    at async F:\\SimpleCRM\\simplecrm\\node_modules\\next\\dist\\server\\dev\\next-dev-server.js:394:20\n    at async Span.traceAsyncFn (F:\\SimpleCRM\\simplecrm\\node_modules\\next\\dist\\trace\\trace.js:164:20)\n    at async DevServer.handleRequest (F:\\SimpleCRM\\simplecrm\\node_modules\\next\\dist\\server\\dev\\next-dev-server.js:390:24)\n    at async invokeRender (F:\\SimpleCRM\\simplecrm\\node_modules\\next\\dist\\server\\lib\\router-server.js:266:21)\n    at async handleRequest (F:\\SimpleCRM\\simplecrm\\node_modules\\next\\dist\\server\\lib\\router-server.js:465:24)\n    at async requestHandlerImpl (F:\\SimpleCRM\\simplecrm\\node_modules\\next\\dist\\server\\lib\\router-server.js:514:13)\n    at async Server.requestListener (F:\\SimpleCRM\\simplecrm\\node_modules\\next\\dist\\server\\lib\\start-server.js:225:13)"
}
---
